<?xml version="1.0" encoding="UTF-8"?>
<testsuites>
  <testsuite name="BackstopJS" tests="4" failures="3" errors="3" skipped="0">
    <testcase classname="document" name=" ›› Lightning3 Base Test"/>
    <testcase classname="document" name=" ›› Lightning3 Base Test">
      <failure message="Design deviation ›› Lightning3 Base Test (document) component"/>
      <error message="Design deviation ›› Lightning3 Base Test (document) component"/>
    </testcase>
    <testcase classname="document" name=" ›› Lightning3 Base Animation Test">
      <failure message="Design deviation ›› Lightning3 Base Animation Test (document) component"/>
      <error message="Design deviation ›› Lightning3 Base Animation Test (document) component"/>
    </testcase>
    <testcase classname="document" name=" ›› Lightning3 Base Animation Test">
      <failure message="Design deviation ›› Lightning3 Base Animation Test (document) component"/>
      <error message="Design deviation ›› Lightning3 Base Animation Test (document) component"/>
    </testcase>
  </testsuite>
</testsuites>